<?xml version="1.0" encoding="UTF-8"?>
<!-- Generated by org.testng.reporters.JUnitXMLReporter -->
<testsuite ignored="3" hostname="OnadebiPC" failures="0" tests="13" name="Surefire test" time="147.912" errors="0" timestamp="2024-04-16T12:06:43 EDT">
  <testcase classname="com.project.AddEditAddressBookEntryTest" name="Add_AddressBookContactRecord" time="3.64"/>
  <testcase classname="com.project.AddEditAddressBookEntryTest" name="Add_AddressBookDynamicallyCreatedContactRecords" time="121.822"/>
  <testcase classname="com.project.AddEditAddressBookEntryTest" name="Edit_AddressBookContactRecord" time="2.233"/>
  <testcase classname="com.project.AddressbookListHasRecordsTest" name="testAddressContainsContactRecords" time="0.533"/>
  <testcase classname="com.project.NavigationsFromHomePageTest" name="NavigationReturnToHomePageFromAddFunctionalityTest" time="1.372"/>
  <testcase classname="com.project.NavigationsFromHomePageTest" name="NavigationReturnToHomePageFromListPageFunctionalityTest" time="0.995"/>
  <testcase classname="com.project.NavigationsFromHomePageTest" name="NavigationToAddNewPageFunctionalityTest" time="0.928"/>
  <testcase classname="com.project.NavigationsFromHomePageTest" name="NavigationToContactsListFunctionalityTest" time="1.049"/>
  <testcase classname="com.project.NavigationsFromHomePageTest" name="testAddressbookHomePageTitle" time="0.314"/>
  <testcase classname="com.project.ValidationsAddEditAddressBookEntryTest" name="Add_Validate_ContactsInfo_AddressBookContactRecord" time="1.768"/>
  <testcase classname="com.project.ValidationsAddEditAddressBookEntryTest" name="Add_Validate_NamesInfo_AddressBookContactRecord" time="4.375"/>
  <testcase classname="com.project.ValidationsAddEditAddressBookEntryTest" name="Edit_Validate_ContactsInfo_AddressBookContactRecord" time="2.114"/>
  <testcase classname="com.project.ValidationsAddEditAddressBookEntryTest" name="Edit_Validate_NamesInfo_AddressBookContactRecord" time="1.865"/>
  <testcase classname="com.project.BaseConfig" name="@AfterTest TearDown" time="0.0">
    <ignored/>
  </testcase> <!-- @AfterTest TearDown -->
  <testcase classname="com.project.BaseConfig" name="@AfterTest TearDown" time="0.0">
    <ignored/>
  </testcase> <!-- @AfterTest TearDown -->
  <testcase classname="com.project.BaseConfig" name="@AfterTest TearDown" time="0.0">
    <ignored/>
  </testcase> <!-- @AfterTest TearDown -->
</testsuite> <!-- Surefire test -->
