<?xml version="1.0" encoding="UTF-8"?>
<!-- Generated by org.testng.reporters.JUnitXMLReporter -->
<testsuite ignored="4" hostname="OnadebiPC" failures="0" tests="13" name="Default test" time="120.088" errors="0" timestamp="2024-04-16T22:01:52 EDT">
  <testcase classname="com.project.AddressbookListHasRecordsTest" name="testAddressContainsContactRecords" time="0.567"/>
  <testcase classname="com.project.AddEditAddressBookEntryTest" name="Add_AddressBookContactRecord" time="2.175"/>
  <testcase classname="com.project.AddEditAddressBookEntryTest" name="Add_AddressBookDynamicallyCreatedContactRecords" time="100.077"/>
  <testcase classname="com.project.AddEditAddressBookEntryTest" name="Edit_AddressBookContactRecord" time="2.102"/>
  <testcase classname="com.project.ValidationsAddEditAddressBookEntryTest" name="Add_Validate_ContactsInfo_AddressBookContactRecord" time="1.249"/>
  <testcase classname="com.project.ValidationsAddEditAddressBookEntryTest" name="Add_Validate_NamesInfo_AddressBookContactRecord" time="2.142"/>
  <testcase classname="com.project.ValidationsAddEditAddressBookEntryTest" name="Edit_Validate_ContactsInfo_AddressBookContactRecord" time="3.331"/>
  <testcase classname="com.project.ValidationsAddEditAddressBookEntryTest" name="Edit_Validate_NamesInfo_AddressBookContactRecord" time="1.382"/>
  <testcase classname="com.project.NavigationsFromHomePageTest" name="NavigationReturnToHomePageFromAddFunctionalityTest" time="0.535"/>
  <testcase classname="com.project.NavigationsFromHomePageTest" name="NavigationReturnToHomePageFromListPageFunctionalityTest" time="0.483"/>
  <testcase classname="com.project.NavigationsFromHomePageTest" name="NavigationToAddNewPageFunctionalityTest" time="0.417"/>
  <testcase classname="com.project.NavigationsFromHomePageTest" name="NavigationToContactsListFunctionalityTest" time="0.46"/>
  <testcase classname="com.project.NavigationsFromHomePageTest" name="testAddressbookHomePageTitle" time="0.171"/>
  <testcase classname="com.project.BaseConfig" name="@AfterTest TearDown" time="0.0">
    <ignored/>
  </testcase> <!-- @AfterTest TearDown -->
  <testcase classname="com.project.BaseConfig" name="@AfterTest TearDown" time="0.0">
    <ignored/>
  </testcase> <!-- @AfterTest TearDown -->
  <testcase classname="com.project.BaseConfig" name="@AfterTest TearDown" time="0.0">
    <ignored/>
  </testcase> <!-- @AfterTest TearDown -->
  <testcase classname="com.project.BaseConfig" name="@AfterTest TearDown" time="0.0">
    <ignored/>
  </testcase> <!-- @AfterTest TearDown -->
</testsuite> <!-- Default test -->
