<?xml version="1.0" encoding="UTF-8"?>
<testng-results ignored="3" total="16" passed="13" failed="0" skipped="0">
  <reporter-output>
  </reporter-output>
  <suite started-at="2024-04-16T12:04:15 EDT" name="Surefire suite" finished-at="2024-04-16T12:06:43 EDT" duration-ms="147912">
    <groups>
    </groups>
    <test started-at="2024-04-16T12:04:15 EDT" name="Surefire test" finished-at="2024-04-16T12:06:43 EDT" duration-ms="147912">
      <class name="com.project.AddressbookListHasRecordsTest">
        <test-method is-config="true" signature="setup()[pri:0, instance:com.project.AddressbookListHasRecordsTest@176d53b2]" started-at="2024-04-16T12:06:24 EDT" name="setup" finished-at="2024-04-16T12:06:25 EDT" duration-ms="938" status="PASS">
          <reporter-output>
          </reporter-output>
        </test-method> <!-- setup -->
        <test-method signature="testAddressContainsContactRecords()[pri:0, instance:com.project.AddressbookListHasRecordsTest@176d53b2]" started-at="2024-04-16T12:06:25 EDT" name="testAddressContainsContactRecords" description="THR-001" finished-at="2024-04-16T12:06:26 EDT" duration-ms="533" status="PASS">
          <reporter-output>
          </reporter-output>
        </test-method> <!-- testAddressContainsContactRecords -->
      </class> <!-- com.project.AddressbookListHasRecordsTest -->
      <class name="com.project.AddEditAddressBookEntryTest">
        <test-method is-config="true" signature="setup()[pri:0, instance:com.project.AddEditAddressBookEntryTest@731f8236]" started-at="2024-04-16T12:04:15 EDT" name="setup" finished-at="2024-04-16T12:04:17 EDT" duration-ms="1708" status="PASS">
          <reporter-output>
          </reporter-output>
        </test-method> <!-- setup -->
        <test-method signature="Add_AddressBookContactRecord()[pri:1, instance:com.project.AddEditAddressBookEntryTest@731f8236]" started-at="2024-04-16T12:04:17 EDT" name="Add_AddressBookContactRecord" description="TAE-001-Add new addressbook contact." finished-at="2024-04-16T12:04:20 EDT" duration-ms="3640" status="PASS">
          <reporter-output>
          </reporter-output>
        </test-method> <!-- Add_AddressBookContactRecord -->
        <test-method signature="Add_AddressBookDynamicallyCreatedContactRecords()[pri:2, instance:com.project.AddEditAddressBookEntryTest@731f8236]" started-at="2024-04-16T12:04:20 EDT" name="Add_AddressBookDynamicallyCreatedContactRecords" description="TDC-001-Add dynamically created addressbook contacts and assert entry." finished-at="2024-04-16T12:06:22 EDT" duration-ms="121822" status="PASS">
          <reporter-output>
          </reporter-output>
        </test-method> <!-- Add_AddressBookDynamicallyCreatedContactRecords -->
        <test-method signature="Edit_AddressBookContactRecord()[pri:3, instance:com.project.AddEditAddressBookEntryTest@731f8236]" started-at="2024-04-16T12:06:22 EDT" name="Edit_AddressBookContactRecord" description="TAE-002-Edit_AddressBookContactRecord" finished-at="2024-04-16T12:06:24 EDT" duration-ms="2233" status="PASS">
          <reporter-output>
          </reporter-output>
        </test-method> <!-- Edit_AddressBookContactRecord -->
        <test-method is-config="true" signature="TearDown()[pri:0, instance:com.project.AddEditAddressBookEntryTest@731f8236]" started-at="2024-04-16T12:06:43 EDT" name="TearDown" finished-at="2024-04-16T12:06:43 EDT" duration-ms="142" status="PASS">
          <reporter-output>
          </reporter-output>
        </test-method> <!-- TearDown -->
      </class> <!-- com.project.AddEditAddressBookEntryTest -->
      <class name="com.project.ValidationsAddEditAddressBookEntryTest">
        <test-method is-config="true" signature="setup()[pri:0, instance:com.project.ValidationsAddEditAddressBookEntryTest@51931956]" started-at="2024-04-16T12:06:31 EDT" name="setup" finished-at="2024-04-16T12:06:33 EDT" duration-ms="1123" status="PASS">
          <reporter-output>
          </reporter-output>
        </test-method> <!-- setup -->
        <test-method signature="Add_Validate_ContactsInfo_AddressBookContactRecord()[pri:0, instance:com.project.ValidationsAddEditAddressBookEntryTest@51931956]" started-at="2024-04-16T12:06:33 EDT" name="Add_Validate_ContactsInfo_AddressBookContactRecord" description="TVAE-002-Validation of new addressbook contact, not having any record of address, email, website, or phone." finished-at="2024-04-16T12:06:34 EDT" duration-ms="1768" status="PASS">
          <reporter-output>
          </reporter-output>
        </test-method> <!-- Add_Validate_ContactsInfo_AddressBookContactRecord -->
        <test-method signature="Add_Validate_NamesInfo_AddressBookContactRecord()[pri:1, instance:com.project.ValidationsAddEditAddressBookEntryTest@51931956]" started-at="2024-04-16T12:06:34 EDT" name="Add_Validate_NamesInfo_AddressBookContactRecord" description="TVAE-001-Validation of new addressbook contact, not having any record of Names, or Business name." finished-at="2024-04-16T12:06:39 EDT" duration-ms="4375" status="PASS">
          <reporter-output>
          </reporter-output>
        </test-method> <!-- Add_Validate_NamesInfo_AddressBookContactRecord -->
        <test-method signature="Edit_Validate_ContactsInfo_AddressBookContactRecord()[pri:2, instance:com.project.ValidationsAddEditAddressBookEntryTest@51931956]" started-at="2024-04-16T12:06:39 EDT" name="Edit_Validate_ContactsInfo_AddressBookContactRecord" description="TVAE-004-Validation of Edit of addressbook contact, not having any record of address, email, website, or phone." finished-at="2024-04-16T12:06:41 EDT" duration-ms="2114" status="PASS">
          <reporter-output>
          </reporter-output>
        </test-method> <!-- Edit_Validate_ContactsInfo_AddressBookContactRecord -->
        <test-method signature="Edit_Validate_NamesInfo_AddressBookContactRecord()[pri:2, instance:com.project.ValidationsAddEditAddressBookEntryTest@51931956]" started-at="2024-04-16T12:06:41 EDT" name="Edit_Validate_NamesInfo_AddressBookContactRecord" description="TVAE-003-Validation of Edit of addressbook contact, not having any record of Names, or Business name." finished-at="2024-04-16T12:06:43 EDT" duration-ms="1865" status="PASS">
          <reporter-output>
          </reporter-output>
        </test-method> <!-- Edit_Validate_NamesInfo_AddressBookContactRecord -->
      </class> <!-- com.project.ValidationsAddEditAddressBookEntryTest -->
      <class name="com.project.NavigationsFromHomePageTest">
        <test-method is-config="true" signature="setup()[pri:0, instance:com.project.NavigationsFromHomePageTest@971d0d8]" started-at="2024-04-16T12:06:26 EDT" name="setup" finished-at="2024-04-16T12:06:27 EDT" duration-ms="939" status="PASS">
          <reporter-output>
          </reporter-output>
        </test-method> <!-- setup -->
        <test-method signature="NavigationReturnToHomePageFromAddFunctionalityTest()[pri:0, instance:com.project.NavigationsFromHomePageTest@971d0d8]" started-at="2024-04-16T12:06:27 EDT" name="NavigationReturnToHomePageFromAddFunctionalityTest" description="TCN-003-Validate navigation to homepage from add new contact page." finished-at="2024-04-16T12:06:28 EDT" duration-ms="1372" status="PASS">
          <reporter-output>
          </reporter-output>
        </test-method> <!-- NavigationReturnToHomePageFromAddFunctionalityTest -->
        <test-method signature="NavigationReturnToHomePageFromListPageFunctionalityTest()[pri:0, instance:com.project.NavigationsFromHomePageTest@971d0d8]" started-at="2024-04-16T12:06:28 EDT" name="NavigationReturnToHomePageFromListPageFunctionalityTest" description="TCN-004-Validate navigation to homepage from contacts list page." finished-at="2024-04-16T12:06:29 EDT" duration-ms="995" status="PASS">
          <reporter-output>
          </reporter-output>
        </test-method> <!-- NavigationReturnToHomePageFromListPageFunctionalityTest -->
        <test-method signature="NavigationToAddNewPageFunctionalityTest()[pri:0, instance:com.project.NavigationsFromHomePageTest@971d0d8]" started-at="2024-04-16T12:06:29 EDT" name="NavigationToAddNewPageFunctionalityTest" description="TCN-005-Validate navigation to page for adding new contact entry." finished-at="2024-04-16T12:06:30 EDT" duration-ms="928" status="PASS">
          <reporter-output>
          </reporter-output>
        </test-method> <!-- NavigationToAddNewPageFunctionalityTest -->
        <test-method signature="NavigationToContactsListFunctionalityTest()[pri:0, instance:com.project.NavigationsFromHomePageTest@971d0d8]" started-at="2024-04-16T12:06:30 EDT" name="NavigationToContactsListFunctionalityTest" description="TCN-002-Validate navigation to page for displaying all contacts list entries." finished-at="2024-04-16T12:06:31 EDT" duration-ms="1049" status="PASS">
          <reporter-output>
          </reporter-output>
        </test-method> <!-- NavigationToContactsListFunctionalityTest -->
        <test-method signature="testAddressbookHomePageTitle()[pri:1, instance:com.project.NavigationsFromHomePageTest@971d0d8]" started-at="2024-04-16T12:06:31 EDT" name="testAddressbookHomePageTitle" description="TCN-001-Validate homepage has title" finished-at="2024-04-16T12:06:31 EDT" duration-ms="314" status="PASS">
          <reporter-output>
          </reporter-output>
        </test-method> <!-- testAddressbookHomePageTitle -->
      </class> <!-- com.project.NavigationsFromHomePageTest -->
    </test> <!-- Surefire test -->
  </suite> <!-- Surefire suite -->
</testng-results>
