<?xml version="1.0" encoding="UTF-8"?>
<testng-results ignored="4" total="17" passed="13" failed="0" skipped="0">
  <reporter-output>
  </reporter-output>
  <suite started-at="2024-04-16T21:59:52 EDT" name="Default suite" finished-at="2024-04-16T22:01:52 EDT" duration-ms="120088">
    <groups>
    </groups>
    <test started-at="2024-04-16T21:59:52 EDT" name="Default test" finished-at="2024-04-16T22:01:52 EDT" duration-ms="120088">
      <class name="com.project.BaseConfig">
        <test-method is-config="true" signature="TearDown()[pri:0, instance:com.project.BaseConfig@2d52216b]" started-at="2024-04-16T22:01:52 EDT" name="TearDown" finished-at="2024-04-16T22:01:52 EDT" duration-ms="45" status="PASS">
          <reporter-output>
          </reporter-output>
        </test-method> <!-- TearDown -->
      </class> <!-- com.project.BaseConfig -->
      <class name="com.project.AddressbookListHasRecordsTest">
        <test-method is-config="true" signature="setup()[pri:0, instance:com.project.AddressbookListHasRecordsTest@2e6a8155]" started-at="2024-04-16T21:59:52 EDT" name="setup" finished-at="2024-04-16T21:59:54 EDT" duration-ms="1977" status="PASS">
          <reporter-output>
          </reporter-output>
        </test-method> <!-- setup -->
        <test-method signature="testAddressContainsContactRecords()[pri:0, instance:com.project.AddressbookListHasRecordsTest@2e6a8155]" started-at="2024-04-16T21:59:54 EDT" name="testAddressContainsContactRecords" description="THR-001" finished-at="2024-04-16T21:59:55 EDT" duration-ms="567" status="PASS">
          <reporter-output>
          </reporter-output>
        </test-method> <!-- testAddressContainsContactRecords -->
      </class> <!-- com.project.AddressbookListHasRecordsTest -->
      <class name="com.project.AddEditAddressBookEntryTest">
        <test-method is-config="true" signature="setup()[pri:0, instance:com.project.AddEditAddressBookEntryTest@6221a451]" started-at="2024-04-16T21:59:55 EDT" name="setup" finished-at="2024-04-16T21:59:56 EDT" duration-ms="925" status="PASS">
          <reporter-output>
          </reporter-output>
        </test-method> <!-- setup -->
        <test-method signature="Add_AddressBookContactRecord()[pri:1, instance:com.project.AddEditAddressBookEntryTest@6221a451]" started-at="2024-04-16T21:59:56 EDT" name="Add_AddressBookContactRecord" description="TAE-001-Add new addressbook contact." finished-at="2024-04-16T21:59:58 EDT" duration-ms="2175" status="PASS">
          <reporter-output>
          </reporter-output>
        </test-method> <!-- Add_AddressBookContactRecord -->
        <test-method signature="Add_AddressBookDynamicallyCreatedContactRecords()[pri:2, instance:com.project.AddEditAddressBookEntryTest@6221a451]" started-at="2024-04-16T21:59:58 EDT" name="Add_AddressBookDynamicallyCreatedContactRecords" description="TDC-001-Add dynamically created addressbook contacts and assert entry." finished-at="2024-04-16T22:01:38 EDT" duration-ms="100077" status="PASS">
          <reporter-output>
          </reporter-output>
        </test-method> <!-- Add_AddressBookDynamicallyCreatedContactRecords -->
        <test-method signature="Edit_AddressBookContactRecord()[pri:3, instance:com.project.AddEditAddressBookEntryTest@6221a451]" started-at="2024-04-16T22:01:38 EDT" name="Edit_AddressBookContactRecord" description="TAE-002-Edit_AddressBookContactRecord" finished-at="2024-04-16T22:01:40 EDT" duration-ms="2102" status="PASS">
          <reporter-output>
          </reporter-output>
        </test-method> <!-- Edit_AddressBookContactRecord -->
      </class> <!-- com.project.AddEditAddressBookEntryTest -->
      <class name="com.project.NavigationsFromHomePageTest">
        <test-method is-config="true" signature="setup()[pri:0, instance:com.project.NavigationsFromHomePageTest@3012646b]" started-at="2024-04-16T22:01:50 EDT" name="setup" finished-at="2024-04-16T22:01:50 EDT" duration-ms="802" status="PASS">
          <reporter-output>
          </reporter-output>
        </test-method> <!-- setup -->
        <test-method signature="NavigationReturnToHomePageFromAddFunctionalityTest()[pri:0, instance:com.project.NavigationsFromHomePageTest@3012646b]" started-at="2024-04-16T22:01:50 EDT" name="NavigationReturnToHomePageFromAddFunctionalityTest" description="TCN-003-Validate navigation to homepage from add new contact page." finished-at="2024-04-16T22:01:51 EDT" duration-ms="535" status="PASS">
          <reporter-output>
          </reporter-output>
        </test-method> <!-- NavigationReturnToHomePageFromAddFunctionalityTest -->
        <test-method signature="NavigationReturnToHomePageFromListPageFunctionalityTest()[pri:0, instance:com.project.NavigationsFromHomePageTest@3012646b]" started-at="2024-04-16T22:01:51 EDT" name="NavigationReturnToHomePageFromListPageFunctionalityTest" description="TCN-004-Validate navigation to homepage from contacts list page." finished-at="2024-04-16T22:01:51 EDT" duration-ms="483" status="PASS">
          <reporter-output>
          </reporter-output>
        </test-method> <!-- NavigationReturnToHomePageFromListPageFunctionalityTest -->
        <test-method signature="NavigationToAddNewPageFunctionalityTest()[pri:0, instance:com.project.NavigationsFromHomePageTest@3012646b]" started-at="2024-04-16T22:01:51 EDT" name="NavigationToAddNewPageFunctionalityTest" description="TCN-005-Validate navigation to page for adding new contact entry." finished-at="2024-04-16T22:01:52 EDT" duration-ms="417" status="PASS">
          <reporter-output>
          </reporter-output>
        </test-method> <!-- NavigationToAddNewPageFunctionalityTest -->
        <test-method signature="NavigationToContactsListFunctionalityTest()[pri:0, instance:com.project.NavigationsFromHomePageTest@3012646b]" started-at="2024-04-16T22:01:52 EDT" name="NavigationToContactsListFunctionalityTest" description="TCN-002-Validate navigation to page for displaying all contacts list entries." finished-at="2024-04-16T22:01:52 EDT" duration-ms="460" status="PASS">
          <reporter-output>
          </reporter-output>
        </test-method> <!-- NavigationToContactsListFunctionalityTest -->
        <test-method signature="testAddressbookHomePageTitle()[pri:1, instance:com.project.NavigationsFromHomePageTest@3012646b]" started-at="2024-04-16T22:01:52 EDT" name="testAddressbookHomePageTitle" description="TCN-001-Validate homepage has title" finished-at="2024-04-16T22:01:52 EDT" duration-ms="171" status="PASS">
          <reporter-output>
          </reporter-output>
        </test-method> <!-- testAddressbookHomePageTitle -->
      </class> <!-- com.project.NavigationsFromHomePageTest -->
      <class name="com.project.ValidationsAddEditAddressBookEntryTest">
        <test-method is-config="true" signature="setup()[pri:0, instance:com.project.ValidationsAddEditAddressBookEntryTest@52719fb6]" started-at="2024-04-16T22:01:40 EDT" name="setup" finished-at="2024-04-16T22:01:41 EDT" duration-ms="1125" status="PASS">
          <reporter-output>
          </reporter-output>
        </test-method> <!-- setup -->
        <test-method signature="Add_Validate_ContactsInfo_AddressBookContactRecord()[pri:0, instance:com.project.ValidationsAddEditAddressBookEntryTest@52719fb6]" started-at="2024-04-16T22:01:41 EDT" name="Add_Validate_ContactsInfo_AddressBookContactRecord" description="TVAE-002-Validation of new addressbook contact, not having any record of address, email, website, or phone." finished-at="2024-04-16T22:01:43 EDT" duration-ms="1249" status="PASS">
          <reporter-output>
          </reporter-output>
        </test-method> <!-- Add_Validate_ContactsInfo_AddressBookContactRecord -->
        <test-method signature="Add_Validate_NamesInfo_AddressBookContactRecord()[pri:1, instance:com.project.ValidationsAddEditAddressBookEntryTest@52719fb6]" started-at="2024-04-16T22:01:43 EDT" name="Add_Validate_NamesInfo_AddressBookContactRecord" description="TVAE-001-Validation of new addressbook contact, not having any record of Names, or Business name." finished-at="2024-04-16T22:01:45 EDT" duration-ms="2142" status="PASS">
          <reporter-output>
          </reporter-output>
        </test-method> <!-- Add_Validate_NamesInfo_AddressBookContactRecord -->
        <test-method signature="Edit_Validate_ContactsInfo_AddressBookContactRecord()[pri:2, instance:com.project.ValidationsAddEditAddressBookEntryTest@52719fb6]" started-at="2024-04-16T22:01:45 EDT" name="Edit_Validate_ContactsInfo_AddressBookContactRecord" description="TVAE-004-Validation of Edit of addressbook contact, not having any record of address, email, website, or phone." finished-at="2024-04-16T22:01:48 EDT" duration-ms="3331" status="PASS">
          <reporter-output>
          </reporter-output>
        </test-method> <!-- Edit_Validate_ContactsInfo_AddressBookContactRecord -->
        <test-method signature="Edit_Validate_NamesInfo_AddressBookContactRecord()[pri:2, instance:com.project.ValidationsAddEditAddressBookEntryTest@52719fb6]" started-at="2024-04-16T22:01:48 EDT" name="Edit_Validate_NamesInfo_AddressBookContactRecord" description="TVAE-003-Validation of Edit of addressbook contact, not having any record of Names, or Business name." finished-at="2024-04-16T22:01:50 EDT" duration-ms="1382" status="PASS">
          <reporter-output>
          </reporter-output>
        </test-method> <!-- Edit_Validate_NamesInfo_AddressBookContactRecord -->
      </class> <!-- com.project.ValidationsAddEditAddressBookEntryTest -->
    </test> <!-- Default test -->
  </suite> <!-- Default suite -->
</testng-results>
